info:  Game: witcher3.exe
info:  DXVK: v1.10.3
info:  Built-in extension providers:
info:    Win32 WSI
info:    OpenVR
info:    OpenXR
info:  OpenVR: could not open registry key, status 2
info:  OpenVR: Failed to locate module
info:  Enabled instance extensions:
info:    VK_KHR_get_surface_capabilities2
info:    VK_KHR_surface
info:    VK_KHR_win32_surface
info:  AMD Radeon RX 6700 XT (RADV NAVI22):
info:    Driver: 22.3.3
info:    Vulkan: 1.3.230
info:    Memory Heap[0]: 
info:      Size: 12032 MiB
info:      Flags: 0x1
info:      Memory Type[0]: Property Flags = 0x1
info:      Memory Type[1]: Property Flags = 0x1
info:      Memory Type[5]: Property Flags = 0xc1
info:    Memory Heap[1]: 
info:      Size: 11983 MiB
info:      Flags: 0x0
info:      Memory Type[2]: Property Flags = 0x6
info:      Memory Type[4]: Property Flags = 0xe
info:      Memory Type[6]: Property Flags = 0xc6
info:      Memory Type[8]: Property Flags = 0xce
info:    Memory Heap[2]: 
info:      Size: 256 MiB
info:      Flags: 0x1
info:      Memory Type[3]: Property Flags = 0x7
info:      Memory Type[7]: Property Flags = 0xc7
